<?xml version="1.0" encoding="UTF-8"?>
<!-- Generated by org.testng.reporters.JUnitReportReporter -->
<testsuite hostname="MacBook-Air.local" failures="0" tests="2" name="testComponents.SubmitOrderTest" time="39.482" errors="0" timestamp="2023-07-04T09:34:33 NZST" skipped="0">
  <testcase classname="testComponents.SubmitOrderTest" name="submitOrderTest" time="19.547"/>
  <testcase classname="testComponents.SubmitOrderTest" name="submitOrderTest" time="19.935"/>
</testsuite> <!-- testComponents.SubmitOrderTest -->
