<?xml version="1.0" encoding="UTF-8"?>
<!-- Generated by org.testng.reporters.JUnitReportReporter -->
<testsuite hostname="MacBook-Air.local" failures="0" tests="2" name="testComponents.ErrorValidationsTest" time="19.194" errors="0" timestamp="2023-07-04T12:47:54 NZST" skipped="0">
  <testcase classname="testComponents.ErrorValidationsTest" name="validateLoginError" time="7.413"/>
  <testcase classname="testComponents.ErrorValidationsTest" name="validateProductErrorMessage" time="11.781"/>
</testsuite> <!-- testComponents.ErrorValidationsTest -->
