<?xml version="1.0" encoding="UTF-8"?>
<!-- Generated by org.testng.reporters.JUnitReportReporter -->
<testsuite hostname="MacBook-Air.local" failures="0" tests="3" name="testComponents.SubmitOrderTest" time="43.423" errors="0" timestamp="2023-07-04T12:47:54 NZST" skipped="0">
  <testcase classname="testComponents.SubmitOrderTest" name="submitOrderTest" time="24.443"/>
  <testcase classname="testComponents.SubmitOrderTest" name="submitOrderTest" time="10.829"/>
  <testcase classname="testComponents.SubmitOrderTest" name="orderHistoryTest" time="8.151"/>
</testsuite> <!-- testComponents.SubmitOrderTest -->
